--------------------------------------------------
[2026-04-20 09:18:08] [SESSION: UNKNOWN] --- SUPERSPLOIT FRAMEWORK LAUNCHED ---
--------------------------------------------------
[2026-04-20 09:20:36] [SESSION: UNKNOWN] --- SUPERSPLOIT FRAMEWORK LAUNCHED ---
--------------------------------------------------
[2026-04-20 09:23:03] [SESSION: UNKNOWN] --- SUPERSPLOIT FRAMEWORK LAUNCHED ---
--------------------------------------------------
[2026-04-20 09:23:31] [SESSION: UNKNOWN] --- SUPERSPLOIT FRAMEWORK LAUNCHED ---
--------------------------------------------------
[2026-04-20 09:25:45] [SESSION: UNKNOWN] --- SUPERSPLOIT FRAMEWORK LAUNCHED ---
--------------------------------------------------
[2026-04-20 09:36:17] [SESSION: None] --- SUPERSPLOIT FRAMEWORK LAUNCHED ---
--------------------------------------------------
[2026-04-20 18:32:50] [SESSION: None] --- SUPERSPLOIT FRAMEWORK LAUNCHED ---
--------------------------------------------------
[2026-04-20 18:34:01] [SESSION: None] --- SUPERSPLOIT FRAMEWORK LAUNCHED ---
--------------------------------------------------
[2026-04-20 19:58:57] [SESSION: None] --- SUPERSPLOIT FRAMEWORK LAUNCHED ---
--------------------------------------------------
[2026-04-20 20:23:15] [SESSION: None] --- SUPERSPLOIT FRAMEWORK LAUNCHED ---
--------------------------------------------------
[2026-04-20 20:28:54] [SESSION: None] --- SUPERSPLOIT FRAMEWORK LAUNCHED ---
--------------------------------------------------
[2026-04-20 20:29:59] [SESSION: None] --- SUPERSPLOIT FRAMEWORK LAUNCHED ---
--------------------------------------------------
[2026-04-20 20:30:26] [SESSION: None] --- SUPERSPLOIT FRAMEWORK LAUNCHED ---
--------------------------------------------------
[2026-04-20 20:32:02] [SESSION: None] --- SUPERSPLOIT FRAMEWORK LAUNCHED ---
--------------------------------------------------
[2026-04-20 20:33:25] [SESSION: None] --- SUPERSPLOIT FRAMEWORK LAUNCHED ---
--------------------------------------------------
[2026-04-20 20:35:53] [SESSION: None] --- SUPERSPLOIT FRAMEWORK LAUNCHED ---
--------------------------------------------------
[2026-04-20 20:38:26] [SESSION: None] --- SUPERSPLOIT FRAMEWORK LAUNCHED ---
--------------------------------------------------
[2026-04-20 20:38:56] [SESSION: None] --- SUPERSPLOIT FRAMEWORK LAUNCHED ---
--------------------------------------------------
[2026-04-20 20:40:19] [SESSION: None] --- SUPERSPLOIT FRAMEWORK LAUNCHED ---
--------------------------------------------------
[2026-04-20 23:49:25] [SESSION: None] --- SUPERSPLOIT FRAMEWORK LAUNCHED ---
--------------------------------------------------
[2026-04-21 05:29:19] [SESSION: None] --- SUPERSPLOIT FRAMEWORK LAUNCHED ---
--------------------------------------------------
[2026-04-21 05:58:06] [SESSION: None] --- SUPERSPLOIT FRAMEWORK LAUNCHED ---
[2026-04-21 05:59:07] [SESSION: None] TYPE: PYTHON-MODULE | EXPLOIT: /home/donaldford05091997/.SuperSploit/exploits/chrome/chrome os sudo nopasswd.py | TARGET: 192.0.0.1 | SUCCESS: False
[2026-04-21 05:59:28] [SESSION: None] TYPE: PYTHON-SCRIPT | EXPLOIT: /home/donaldford05091997/.SuperSploit/exploits/chrome/chrome os sudo nopasswd.py | TARGET: 192.0.0.1 | SUCCESS: True
[2026-04-21 06:00:08] [SESSION: None] TYPE: PYTHON-MODULE | EXPLOIT: /home/donaldford05091997/.SuperSploit/exploits/chrome/chrome os sudo nopasswd.py | TARGET: 192.0.0.1 | SUCCESS: False
--------------------------------------------------
[2026-04-21 06:02:39] [SESSION: None] --- SUPERSPLOIT FRAMEWORK LAUNCHED ---
[2026-04-21 06:02:51] [SESSION: None] TYPE: PYTHON-MODULE | EXPLOIT: /home/donaldford05091997/.SuperSploit/exploits/chrome/chrome os sudo nopasswd.py | TARGET: 192.0.0.1 | SUCCESS: True
--------------------------------------------------
[2026-04-21 08:45:10] [SESSION: None] --- SUPERSPLOIT FRAMEWORK LAUNCHED ---
--------------------------------------------------
[2026-04-21 08:48:40] [SESSION: None] --- SUPERSPLOIT FRAMEWORK LAUNCHED ---
--------------------------------------------------
[2026-04-21 08:52:22] [SESSION: None] --- SUPERSPLOIT FRAMEWORK LAUNCHED ---
[2026-04-21 08:52:29] [SESSION: None] TYPE: PYTHON-MODULE | EXPLOIT: /home/donaldford05091997/.SuperSploit/exploits/chrome/chrome os sudo nopasswd.py | TARGET: 192.0.0.1 | SUCCESS: True
--------------------------------------------------
[2026-04-21 09:10:45] [SESSION: None] --- SUPERSPLOIT FRAMEWORK LAUNCHED ---
--------------------------------------------------
[2026-04-21 09:43:57] [SESSION: None] --- SUPERSPLOIT FRAMEWORK LAUNCHED ---
[2026-04-21 09:44:22] [SESSION: None] TYPE: PYTHON-MODULE | EXPLOIT: /home/donaldford05091997/.SuperSploit/exploits/chrome/chrome os sudo nopasswd.py | TARGET: 192.0.0.1 | SUCCESS: True
--------------------------------------------------
[2026-04-21 10:09:35] [SESSION: None] --- SUPERSPLOIT FRAMEWORK LAUNCHED ---
--------------------------------------------------
[2026-04-21 10:17:07] [SESSION: None] --- SUPERSPLOIT FRAMEWORK LAUNCHED ---
--------------------------------------------------
[2026-04-21 10:21:25] [SESSION: None] --- SUPERSPLOIT FRAMEWORK LAUNCHED ---
--------------------------------------------------
[2026-04-21 10:24:35] [SESSION: None] --- SUPERSPLOIT FRAMEWORK LAUNCHED ---
[2026-04-21 10:24:55] [SESSION: None] TYPE: PYTHON-SCRIPT | EXPLOIT: /home/donaldford05091997/.SuperSploit/exploits/test/test.py | TARGET: 192.0.0.1 | SUCCESS: False
--------------------------------------------------
[2026-04-21 10:27:35] [SESSION: None] --- SUPERSPLOIT FRAMEWORK LAUNCHED ---
[2026-04-21 10:27:40] [SESSION: None] TYPE: PYTHON-SCRIPT | EXPLOIT: /home/donaldford05091997/.SuperSploit/exploits/test/test.py | TARGET: 192.0.0.1 | SUCCESS: True
--------------------------------------------------
[2026-04-21 10:28:40] [SESSION: None] --- SUPERSPLOIT FRAMEWORK LAUNCHED ---
--------------------------------------------------
[2026-04-21 10:29:56] [SESSION: None] --- SUPERSPLOIT FRAMEWORK LAUNCHED ---
--------------------------------------------------
[2026-04-21 10:31:04] [SESSION: None] --- SUPERSPLOIT FRAMEWORK LAUNCHED ---
[2026-04-21 10:31:13] [SESSION: None] TYPE: PYTHON-SCRIPT | EXPLOIT: /home/donaldford05091997/.SuperSploit/exploits/test/test.py | TARGET: 192.0.0.1 | SUCCESS: False
--------------------------------------------------
[2026-04-21 10:31:48] [SESSION: None] --- SUPERSPLOIT FRAMEWORK LAUNCHED ---
[2026-04-21 10:31:56] [SESSION: None] TYPE: PYTHON-SCRIPT | EXPLOIT: /home/donaldford05091997/.SuperSploit/exploits/test/test.py | TARGET: 192.0.0.1 | SUCCESS: False
--------------------------------------------------
[2026-04-21 10:37:25] [SESSION: None] --- SUPERSPLOIT FRAMEWORK LAUNCHED ---
--------------------------------------------------
[2026-04-21 10:57:00] [SESSION: None] --- SUPERSPLOIT FRAMEWORK LAUNCHED ---
