Traceback (most recent call last):
  File "/home/d/.SuperSploit/source/core/inputHandler.py", line 163, in check
    functions[inputs.index(data.split(" ")[0])](data)
  File "/home/d/.SuperSploit/source/core/show.py", line 28, in show
    with open(f"{installation}/.data/Aliases.json") as file:
         ^^^^^^^^^^^^^^^^^^^^^^^^^^^^^^^^^^^^^^^^^^
FileNotFoundError: [Errno 2] No such file or directory: '/home/d/.SuperSploit/.data/Aliases.json'
[!] Program not found: cler
Traceback (most recent call last):
  File "/home/donald/.SuperSploit/source/core/inputHandler.py", line 166, in check
    reconFuctions[recconInputs.index(data.split(" ")[0])](data)
  File "/home/donald/.SuperSploit/source/core/reconCore/external_tools/phoneinfoga.py", line 55, in __init__
    with open(f"{installation}/.data/loot/phone_numbers", "r") as file:
         ^^^^^^^^^^^^^^^^^^^^^^^^^^^^^^^^^^^^^^^^^^^^^^^^^^^^^
FileNotFoundError: [Errno 2] No such file or directory: '/home/donald/.SuperSploit/.data/loot/phone_numbers'
[!] Program not found: nmap
Traceback (most recent call last):
  File "/home/donald/.SuperSploit/source/core/inputHandler.py", line 145, in check
    if Input_fixes(dataList):
       ^^^^^^^^^^^^^^^^^^^^^
  File "/home/donald/.SuperSploit/source/core/inputfixes.py", line 15, in __init__
    ListOfFixes[fixes.index(dataList[0])]()
  File "/home/donald/.SuperSploit/source/core/inputfixes.py", line 64, in cd
    os.chdir(self.list[1])
FileNotFoundError: [Errno 2] No such file or directory: '/\\'
Traceback (most recent call last):
  File "/home/donald/.SuperSploit/source/core/inputHandler.py", line 176, in check
    cls.sys_call_Linux(data)
  File "/home/donald/.SuperSploit/source/core/inputHandler.py", line 86, in sys_call_Linux
    subprocess.run(dataList)
  File "/usr/lib/python3.11/subprocess.py", line 548, in run
    with Popen(*popenargs, **kwargs) as process:
         ^^^^^^^^^^^^^^^^^^^^^^^^^^^
  File "/usr/lib/python3.11/subprocess.py", line 1024, in __init__
    self._execute_child(args, executable, preexec_fn, close_fds,
  File "/usr/lib/python3.11/subprocess.py", line 1901, in _execute_child
    raise child_exception_type(errno_num, err_msg, err_filename)
PermissionError: [Errno 13] Permission denied: ''
Traceback (most recent call last):
  File "/home/donald/.SuperSploit/source/core/inputHandler.py", line 145, in check
    if Input_fixes(dataList):
       ^^^^^^^^^^^^^^^^^^^^^
  File "/home/donald/.SuperSploit/source/core/inputfixes.py", line 15, in __init__
    ListOfFixes[fixes.index(dataList[0])]()
  File "/home/donald/.SuperSploit/source/core/inputfixes.py", line 64, in cd
    os.chdir(self.list[1])
FileNotFoundError: [Errno 2] No such file or directory: '~'
Traceback (most recent call last):
  File "/home/donald/.SuperSploit/source/core/inputHandler.py", line 163, in check
    functions[inputs.index(data.split(" ")[0])](data)
  File "/home/donald/.SuperSploit/source/core/use.py", line 13, in __init__
    data[2] = int(data[2])
              ^^^^^^^^^^^^
ValueError: invalid literal for int() with base 10: ''
Traceback (most recent call last):
  File "/home/donald/.SuperSploit/source/core/inputHandler.py", line 145, in check
    if Input_fixes(dataList):
       ^^^^^^^^^^^^^^^^^^^^^
  File "/home/donald/.SuperSploit/source/core/inputfixes.py", line 15, in __init__
    ListOfFixes[fixes.index(dataList[0])]()
  File "/home/donald/.SuperSploit/source/core/inputfixes.py", line 64, in cd
    os.chdir(self.list[1])
FileNotFoundError: [Errno 2] No such file or directory: '~'
Traceback (most recent call last):
  File "/home/donald/.SuperSploit/source/core/inputHandler.py", line 163, in check
    functions[inputs.index(data.split(" ")[0])](data)
  File "/home/donald/.SuperSploit/source/core/exploithandler.py", line 74, in __init__
    funs[types.index(Type)]()
  File "/home/donald/.SuperSploit/source/core/exploithandler.py", line 120, in python
    with open(DatabaseManagment.get("EXPLOIT")) as file:
              ^^^^^^^^^^^^^^^^^^^^^^^^^^^^^^^^
TypeError: DatabaseManagment.get() takes 1 positional argument but 2 were given
Traceback (most recent call last):
  File "/home/donald/.SuperSploit/source/core/inputHandler.py", line 163, in check
    functions[inputs.index(data.split(" ")[0])](data)
  File "/home/donald/.SuperSploit/source/core/exploithandler.py", line 76, in __init__
    funs[types.index(Type)]()
  File "/home/donald/.SuperSploit/source/core/exploithandler.py", line 125, in python
    with open(f"{install}/source/core/exploit/exploit.py") as file1:
         ^^^^^^^^^^^^^^^^^^^^^^^^^^^^^^^^^^^^^^^^^^^^^^^^^
FileNotFoundError: [Errno 2] No such file or directory: '/home/donald/source/core/exploit/exploit.py'
Traceback (most recent call last):
  File "/home/donald/.SuperSploit/source/core/inputHandler.py", line 163, in check
    functions[inputs.index(data.split(" ")[0])](data)
  File "/home/donald/.SuperSploit/source/core/exploithandler.py", line 76, in __init__
    funs[types.index(Type)]()
  File "/home/donald/.SuperSploit/source/core/exploithandler.py", line 125, in python
    with open(f"{install}/source/core/exploit/exploit.py") as file1:
         ^^^^^^^^^^^^^^^^^^^^^^^^^^^^^^^^^^^^^^^^^^^^^^^^^
FileNotFoundError: [Errno 2] No such file or directory: '/home/donald/source/core/exploit/exploit.py'
Traceback (most recent call last):
  File "/home/donald/.SuperSploit/source/core/inputHandler.py", line 163, in check
    functions[inputs.index(data.split(" ")[0])](data)
  File "/home/donald/.SuperSploit/source/core/exploithandler.py", line 76, in __init__
    funs[types.index(Type)]()
  File "/home/donald/.SuperSploit/source/core/exploithandler.py", line 125, in python
    with open(f"{install}/source/core/exploit/exploit.py", "w") as file1:
         ^^^^^^^^^^^^^^^^^^^^^^^^^^^^^^^^^^^^^^^^^^^^^^^^^^^^^^
FileNotFoundError: [Errno 2] No such file or directory: '/home/donald/source/core/exploit/exploit.py'
Traceback (most recent call last):
  File "/home/donald/.SuperSploit/source/core/inputHandler.py", line 163, in check
    functions[inputs.index(data.split(" ")[0])](data)
  File "/home/donald/.SuperSploit/source/core/exploithandler.py", line 76, in __init__
    funs[types.index(Type)]()
  File "/home/donald/.SuperSploit/source/core/exploithandler.py", line 129, in python
    from exploit import exploit
ModuleNotFoundError: No module named 'exploit'
Traceback (most recent call last):
  File "/home/donald/.SuperSploit/source/core/inputHandler.py", line 163, in check
    functions[inputs.index(data.split(" ")[0])](data)
  File "/home/donald/.SuperSploit/source/core/exploithandler.py", line 76, in __init__
    funs[types.index(Type)]()
  File "/home/donald/.SuperSploit/source/core/exploithandler.py", line 129, in python
    from exploit import exploit
ModuleNotFoundError: No module named 'exploit'
Traceback (most recent call last):
  File "/home/donald/.SuperSploit/source/core/inputHandler.py", line 163, in check
    functions[inputs.index(data.split(" ")[0])](data)
  File "/home/donald/.SuperSploit/source/core/exploithandler.py", line 76, in __init__
    funs[types.index(Type)]()
  File "/home/donald/.SuperSploit/source/core/exploithandler.py", line 129, in python
    from exploit import exploit
ModuleNotFoundError: No module named 'exploit'
Traceback (most recent call last):
  File "/home/donald/.SuperSploit/source/core/inputHandler.py", line 163, in check
    functions[inputs.index(data.split(" ")[0])](data)
  File "/home/donald/.SuperSploit/source/core/exploithandler.py", line 76, in __init__
    funs[types.index(Type)]()
  File "/home/donald/.SuperSploit/source/core/exploithandler.py", line 129, in python
    from exploit import exploit
ModuleNotFoundError: No module named 'exploit'
Traceback (most recent call last):
  File "/home/donald/.SuperSploit/source/core/inputHandler.py", line 163, in check
    functions[inputs.index(data.split(" ")[0])](data)
  File "/home/donald/.SuperSploit/source/core/exploithandler.py", line 76, in __init__
    funs[types.index(Type)]()
  File "/home/donald/.SuperSploit/source/core/exploithandler.py", line 129, in python
    from .exploit import exploit
  File "/home/donald/.SuperSploit/source/core/exploit/__init__.py", line 1, in <module>
    from exploit import exploit
ModuleNotFoundError: No module named 'exploit'
Traceback (most recent call last):
  File "/home/donald/.SuperSploit/source/core/inputHandler.py", line 163, in check
    functions[inputs.index(data.split(" ")[0])](data)
  File "/home/donald/.SuperSploit/source/core/exploithandler.py", line 76, in __init__
    funs[types.index(Type)]()
  File "/home/donald/.SuperSploit/source/core/exploithandler.py", line 129, in python
    from exploit import exploit
ModuleNotFoundError: No module named 'exploit'
Traceback (most recent call last):
  File "/home/donald/.SuperSploit/source/core/inputHandler.py", line 163, in check
    functions[inputs.index(data.split(" ")[0])](data)
  File "/home/donald/.SuperSploit/source/core/exploithandler.py", line 76, in __init__
    funs[types.index(Type)]()
  File "/home/donald/.SuperSploit/source/core/exploithandler.py", line 130, in python
    exploit()
  File "/home/donald/.SuperSploit/source/core/exploit/exploit.py", line 24, in __init__
    self.exploit()
  File "/home/donald/.SuperSploit/source/core/exploit/exploit.py", line 30, in exploit
    with open(f"{installation}/.data/data.json", 'r') as file:
         ^^^^^^^^^^^^^^^^^^^^^^^^^^^^^^^^^^^^^^^^^^^^
FileNotFoundError: [Errno 2] No such file or directory: '/home/donald/.SuperSploit/.data/data.json'
Traceback (most recent call last):
  File "/home/donald/.SuperSploit/source/core/inputHandler.py", line 163, in check
    functions[inputs.index(data.split(" ")[0])](data)
  File "/home/donald/.SuperSploit/source/core/exploithandler.py", line 77, in __init__
    funs[types.index(Type)]()
  File "/home/donald/.SuperSploit/source/core/exploithandler.py", line 123, in python
    self.handler()
  File "/home/donald/.SuperSploit/source/core/exploithandler.py", line 155, in handler
    a = threading.Thread(target=s)
                                ^
NameError: name 's' is not defined
Traceback (most recent call last):
  File "/home/donald/.SuperSploit/source/core/inputHandler.py", line 163, in check
    functions[inputs.index(data.split(" ")[0])](data)
  File "/home/donald/.SuperSploit/source/core/exploithandler.py", line 77, in __init__
    funs[types.index(Type)]()
  File "/home/donald/.SuperSploit/source/core/exploithandler.py", line 123, in python
    self.handler()
  File "/home/donald/.SuperSploit/source/core/exploithandler.py", line 157, in handler
    a.joib()
    ^^^^^^
AttributeError: 'Thread' object has no attribute 'joib'
